# JRE version: Java(TM) SE Runtime Environment (8.0_181-b13) (build 1.8.0_181-b13)
# Java VM: Java HotSpot(TM) 64-Bit Server VM (25.181-b13 mixed mode linux-amd64 compressed oops)
Heap:
 garbage-first heap   total 280576K, used 170575K [0x00000000c0000000, 0x00000000c0100890, 0x0000000100000000)
  region size 1024K, 44 young (45056K), 4 survivors (4096K)
 Metaspace       used 138463K, capacity 152116K, committed 152472K, reserved 1181696K
  class space    used 16418K, capacity 20029K, committed 20120K, reserved 1048576K
GC Heap History (10 events):
Event: 1212,066 GC heap before
{Heap before GC invocations=119 (full 0):
 garbage-first heap   total 728064K, used 620165K [0x00000000c0000000, 0x00000000c0101638, 0x0000000100000000)
  region size 1024K, 357 young (365568K), 29 survivors (29696K)
 Metaspace       used 133657K, capacity 147156K, committed 147352K, reserved 1177600K
  class space    used 15953K, capacity 19603K, committed 19608K, reserved 1048576K
Event: 1212,101 GC heap after
Heap after GC invocations=120 (full 0):
 garbage-first heap   total 728064K, used 287661K [0x00000000c0000000, 0x00000000c0101638, 0x0000000100000000)
  region size 1024K, 28 young (28672K), 28 survivors (28672K)
 Metaspace       used 133657K, capacity 147156K, committed 147352K, reserved 1177600K
  class space    used 15953K, capacity 19603K, committed 19608K, reserved 1048576K
}
Event: 1213,356 GC heap before
{Heap before GC invocations=120 (full 0):
 garbage-first heap   total 728064K, used 625645K [0x00000000c0000000, 0x00000000c0101638, 0x0000000100000000)
  region size 1024K, 354 young (362496K), 28 survivors (28672K)
 Metaspace       used 133670K, capacity 147156K, committed 147352K, reserved 1177600K
  class space    used 15953K, capacity 19603K, committed 19608K, reserved 1048576K
Event: 1213,377 GC heap after
Heap after GC invocations=121 (full 0):
 garbage-first heap   total 728064K, used 308138K [0x00000000c0000000, 0x00000000c0101638, 0x0000000100000000)
  region size 1024K, 32 young (32768K), 32 survivors (32768K)
 Metaspace       used 133670K, capacity 147156K, committed 147352K, reserved 1177600K
  class space    used 15953K, capacity 19603K, committed 19608K, reserved 1048576K
}
Event: 1439,246 GC heap before
{Heap before GC invocations=121 (full 0):
 garbage-first heap   total 728064K, used 616362K [0x00000000c0000000, 0x00000000c0101638, 0x0000000100000000)
  region size 1024K, 333 young (340992K), 32 survivors (32768K)
 Metaspace       used 134263K, capacity 147766K, committed 147992K, reserved 1177600K
  class space    used 16036K, capacity 19676K, committed 19736K, reserved 1048576K
Event: 1439,281 GC heap after
Heap after GC invocations=122 (full 0):
 garbage-first heap   total 728064K, used 308138K [0x00000000c0000000, 0x00000000c0101638, 0x0000000100000000)
  region size 1024K, 23 young (23552K), 23 survivors (23552K)
 Metaspace       used 134263K, capacity 147766K, committed 147992K, reserved 1177600K
  class space    used 16036K, capacity 19676K, committed 19736K, reserved 1048576K
}
Event: 1442,540 GC heap before
{Heap before GC invocations=122 (full 0):
 garbage-first heap   total 728064K, used 386986K [0x00000000c0000000, 0x00000000c0101638, 0x0000000100000000)
  region size 1024K, 101 young (103424K), 23 survivors (23552K)
 Metaspace       used 137529K, capacity 151232K, committed 151320K, reserved 1181696K
  class space    used 16312K, capacity 19973K, committed 19992K, reserved 1048576K
Event: 1442,904 GC heap after
Heap after GC invocations=123 (full 1):
 garbage-first heap   total 280576K, used 84013K [0x00000000c0000000, 0x00000000c0100890, 0x0000000100000000)
  region size 1024K, 0 young (0K), 0 survivors (0K)
 Metaspace       used 137437K, capacity 151082K, committed 151320K, reserved 1181696K
  class space    used 16298K, capacity 19948K, committed 19992K, reserved 1048576K
}
Event: 1458,653 GC heap before
{Heap before GC invocations=123 (full 1):
 garbage-first heap   total 280576K, used 184922K [0x00000000c0000000, 0x00000000c0100890, 0x0000000100000000)
  region size 1024K, 74 young (75776K), 0 survivors (0K)
 Metaspace       used 138263K, capacity 151850K, committed 152216K, reserved 1181696K
  class space    used 16397K, capacity 20027K, committed 20120K, reserved 1048576K
Event: 1458,665 GC heap after
Heap after GC invocations=124 (full 1):
 garbage-first heap   total 280576K, used 90201K [0x00000000c0000000, 0x00000000c0100890, 0x0000000100000000)
  region size 1024K, 4 young (4096K), 4 survivors (4096K)
 Metaspace       used 138263K, capacity 151850K, committed 152216K, reserved 1181696K
  class space    used 16397K, capacity 20027K, committed 20120K, reserved 1048576K
}

